<?xml version="1.0" encoding="UTF-8"?>
<testng-results skipped="0" failed="1" ignored="0" total="4" passed="3">
  <reporter-output>
  </reporter-output>
  <suite name="Suite" duration-ms="5585" started-at="2020-10-06T15:40:09Z" finished-at="2020-10-06T15:40:14Z">
    <groups>
    </groups>
    <test name="MyRestAssuredtest" duration-ms="5585" started-at="2020-10-06T15:40:09Z" finished-at="2020-10-06T15:40:14Z">
      <class name="com.ig.test.Test1">
        <test-method status="PASS" signature="Mytest1()[pri:0, instance:com.ig.test.Test1@707194ba]" name="Mytest1" duration-ms="3205" started-at="2020-10-06T15:40:09Z" finished-at="2020-10-06T15:40:12Z">
          <reporter-output>
          </reporter-output>
        </test-method> <!-- Mytest1 -->
        <test-method status="PASS" signature="Mytest2()[pri:0, instance:com.ig.test.Test1@707194ba]" name="Mytest2" duration-ms="425" started-at="2020-10-06T15:40:12Z" finished-at="2020-10-06T15:40:12Z">
          <reporter-output>
          </reporter-output>
        </test-method> <!-- Mytest2 -->
        <test-method status="PASS" signature="Mytest3()[pri:0, instance:com.ig.test.Test1@707194ba]" name="Mytest3" duration-ms="1290" started-at="2020-10-06T15:40:12Z" finished-at="2020-10-06T15:40:14Z">
          <reporter-output>
          </reporter-output>
        </test-method> <!-- Mytest3 -->
        <test-method status="FAIL" signature="Mytest4()[pri:0, instance:com.ig.test.Test1@707194ba]" name="Mytest4" duration-ms="631" started-at="2020-10-06T15:40:14Z" finished-at="2020-10-06T15:40:14Z">
          <exception class="java.lang.AssertionError">
            <message>
              <![CDATA[expected [IG Infotech] but found [ABC Infotech]]]>
            </message>
            <full-stacktrace>
              <![CDATA[java.lang.AssertionError: expected [IG Infotech] but found [ABC Infotech]
at org.testng.Assert.fail(Assert.java:96)
at org.testng.Assert.failNotEquals(Assert.java:776)
at org.testng.Assert.assertEqualsImpl(Assert.java:137)
at org.testng.Assert.assertEquals(Assert.java:118)
at org.testng.Assert.assertEquals(Assert.java:442)
at com.ig.test.Test1.Mytest4(Test1.java:106)
at sun.reflect.NativeMethodAccessorImpl.invoke0(Native Method)
at sun.reflect.NativeMethodAccessorImpl.invoke(NativeMethodAccessorImpl.java:62)
at sun.reflect.DelegatingMethodAccessorImpl.invoke(DelegatingMethodAccessorImpl.java:43)
at java.lang.reflect.Method.invoke(Method.java:498)
at org.testng.internal.MethodInvocationHelper.invokeMethod(MethodInvocationHelper.java:124)
at org.testng.internal.Invoker.invokeMethod(Invoker.java:583)
at org.testng.internal.Invoker.invokeTestMethod(Invoker.java:719)
at org.testng.internal.Invoker.invokeTestMethods(Invoker.java:989)
at org.testng.internal.TestMethodWorker.invokeTestMethods(TestMethodWorker.java:125)
at org.testng.internal.TestMethodWorker.run(TestMethodWorker.java:109)
at org.testng.TestRunner.privateRun(TestRunner.java:648)
at org.testng.TestRunner.run(TestRunner.java:505)
at org.testng.SuiteRunner.runTest(SuiteRunner.java:455)
at org.testng.SuiteRunner.runSequentially(SuiteRunner.java:450)
at org.testng.SuiteRunner.privateRun(SuiteRunner.java:415)
at org.testng.SuiteRunner.run(SuiteRunner.java:364)
at org.testng.SuiteRunnerWorker.runSuite(SuiteRunnerWorker.java:52)
at org.testng.SuiteRunnerWorker.run(SuiteRunnerWorker.java:84)
at org.testng.TestNG.runSuitesSequentially(TestNG.java:1208)
at org.testng.TestNG.runSuitesLocally(TestNG.java:1137)
at org.testng.TestNG.runSuites(TestNG.java:1049)
at org.testng.TestNG.run(TestNG.java:1017)
at org.apache.maven.surefire.testng.TestNGExecutor.run(TestNGExecutor.java:295)
at org.apache.maven.surefire.testng.TestNGXmlTestSuite.execute(TestNGXmlTestSuite.java:84)
at org.apache.maven.surefire.testng.TestNGProvider.invoke(TestNGProvider.java:90)
at org.apache.maven.surefire.booter.ForkedBooter.invokeProviderInSameClassLoader(ForkedBooter.java:203)
at org.apache.maven.surefire.booter.ForkedBooter.runSuitesInProcess(ForkedBooter.java:155)
at org.apache.maven.surefire.booter.ForkedBooter.main(ForkedBooter.java:103)
]]>
            </full-stacktrace>
          </exception> <!-- java.lang.AssertionError -->
          <reporter-output>
          </reporter-output>
        </test-method> <!-- Mytest4 -->
      </class> <!-- com.ig.test.Test1 -->
    </test> <!-- MyRestAssuredtest -->
  </suite> <!-- Suite -->
</testng-results>
